{"level":"INFO","message":"[4:10:58.743 PM]: Creating new connection object"}
{"level":"INFO","message":"[4:10:58.766 PM]: Creating Connection[id: 427a5583-6e0a-4d4f-a5b5-19f282e23e00] with host: MVNNXMB-IX26326.snowflakecomputing.com, account: MVNNXMB-IX26326, accessUrl: https://MVNNXMB-IX26326.snowflakecomputing.com, user: KANAKPALIWAL, role: undefined, database: LOGINDETAILS, schema: PUBLIC, warehouse: COMPUTE_WH, proxy was not configured, password is provided, region: undefined, authenticator: SNOWFLAKE, ocsp mode: FAIL_OPEN, os: win32, os version: 10.0.19045"}
{"level":"INFO","message":"[4:10:58.767 PM]: Connection[id: 427a5583-6e0a-4d4f-a5b5-19f282e23e00] additional details: passcode in password is provided, passcode is not provided, private key is not provided, application: undefined, client name: snowflake-sdk, client version: 2.4.1, retry timeout: 300, private key path: undefined, private key pass is not provided, client store temporary credential: false, browser response timeout: 120000"}
{"level":"INFO","message":"[4:10:58.768 PM]: Connection[id: 427a5583-6e0a-4d4f-a5b5-19f282e23e00] - connection object created successfully."}
{"level":"INFO","message":"[4:10:58.769 PM]: Connection[id: 427a5583-6e0a-4d4f-a5b5-19f282e23e00] - async connecting. Associated Snowflake domain: GLOBAL"}
{"level":"INFO","message":"[4:10:58.770 PM]: Trying to initialize Easy Logging"}
{"level":"INFO","message":"[4:10:58.792 PM]: No client config detected."}
{"level":"INFO","message":"[4:10:58.793 PM]: No config file path found. Client config will not be used."}
{"level":"INFO","message":"[4:10:58.793 PM]: Easy Logging is disabled as no config has been found"}
{"level":"INFO","message":"[4:10:58.793 PM]: Connection[id: 427a5583-6e0a-4d4f-a5b5-19f282e23e00] - authentication successful using: SNOWFLAKE"}
{"level":"INFO","message":"[4:11:03.043 PM]: Connection[id: 427a5583-6e0a-4d4f-a5b5-19f282e23e00] - connection established successfully after 4274.08 milliseconds"}
{"level":"INFO","message":"[4:11:28.669 PM]: Creating new connection object"}
{"level":"INFO","message":"[4:11:28.687 PM]: Creating Connection[id: edcff761-c240-4db3-8e1d-58138fbca18f] with host: MVNNXMB-IX26326.snowflakecomputing.com, account: MVNNXMB-IX26326, accessUrl: https://MVNNXMB-IX26326.snowflakecomputing.com, user: KANAKPALIWAL, role: undefined, database: LOGINDETAILS, schema: PUBLIC, warehouse: COMPUTE_WH, proxy was not configured, password is provided, region: undefined, authenticator: SNOWFLAKE, ocsp mode: FAIL_OPEN, os: win32, os version: 10.0.19045"}
{"level":"INFO","message":"[4:11:28.687 PM]: Connection[id: edcff761-c240-4db3-8e1d-58138fbca18f] additional details: passcode in password is provided, passcode is not provided, private key is not provided, application: undefined, client name: snowflake-sdk, client version: 2.4.1, retry timeout: 300, private key path: undefined, private key pass is not provided, client store temporary credential: false, browser response timeout: 120000"}
{"level":"INFO","message":"[4:11:28.689 PM]: Connection[id: edcff761-c240-4db3-8e1d-58138fbca18f] - connection object created successfully."}
{"level":"INFO","message":"[4:11:28.690 PM]: Connection[id: edcff761-c240-4db3-8e1d-58138fbca18f] - async connecting. Associated Snowflake domain: GLOBAL"}
{"level":"INFO","message":"[4:11:28.691 PM]: Trying to initialize Easy Logging"}
{"level":"INFO","message":"[4:11:28.709 PM]: No client config detected."}
{"level":"INFO","message":"[4:11:28.710 PM]: No config file path found. Client config will not be used."}
{"level":"INFO","message":"[4:11:28.710 PM]: Easy Logging is disabled as no config has been found"}
{"level":"INFO","message":"[4:11:28.711 PM]: Connection[id: edcff761-c240-4db3-8e1d-58138fbca18f] - authentication successful using: SNOWFLAKE"}
{"level":"INFO","message":"[4:11:31.200 PM]: Connection[id: edcff761-c240-4db3-8e1d-58138fbca18f] - connection established successfully after 2510.39 milliseconds"}
{"level":"INFO","message":"[4:19:23.323 PM]: Creating new connection object"}
{"level":"INFO","message":"[4:19:23.341 PM]: Creating Connection[id: aacc1bb4-3242-4706-ad0f-9e0bbc73dde0] with host: MVNNXMB-IX26326.snowflakecomputing.com, account: MVNNXMB-IX26326, accessUrl: https://MVNNXMB-IX26326.snowflakecomputing.com, user: KANAKPALIWAL, role: undefined, database: LOGINDETAILS, schema: PUBLIC, warehouse: COMPUTE_WH, proxy was not configured, password is provided, region: undefined, authenticator: SNOWFLAKE, ocsp mode: FAIL_OPEN, os: win32, os version: 10.0.19045"}
{"level":"INFO","message":"[4:19:23.341 PM]: Connection[id: aacc1bb4-3242-4706-ad0f-9e0bbc73dde0] additional details: passcode in password is provided, passcode is not provided, private key is not provided, application: undefined, client name: snowflake-sdk, client version: 2.4.1, retry timeout: 300, private key path: undefined, private key pass is not provided, client store temporary credential: false, browser response timeout: 120000"}
{"level":"INFO","message":"[4:19:23.342 PM]: Connection[id: aacc1bb4-3242-4706-ad0f-9e0bbc73dde0] - connection object created successfully."}
{"level":"INFO","message":"[4:19:23.343 PM]: Connection[id: aacc1bb4-3242-4706-ad0f-9e0bbc73dde0] - async connecting. Associated Snowflake domain: GLOBAL"}
{"level":"INFO","message":"[4:19:23.343 PM]: Trying to initialize Easy Logging"}
{"level":"INFO","message":"[4:19:23.363 PM]: No client config detected."}
{"level":"INFO","message":"[4:19:23.363 PM]: No config file path found. Client config will not be used."}
{"level":"INFO","message":"[4:19:23.363 PM]: Easy Logging is disabled as no config has been found"}
{"level":"INFO","message":"[4:19:23.364 PM]: Connection[id: aacc1bb4-3242-4706-ad0f-9e0bbc73dde0] - authentication successful using: SNOWFLAKE"}
{"level":"INFO","message":"[4:19:25.525 PM]: Connection[id: aacc1bb4-3242-4706-ad0f-9e0bbc73dde0] - connection established successfully after 2182.66 milliseconds"}
{"level":"INFO","message":"[4:19:51.553 PM]: Creating new connection object"}
{"level":"INFO","message":"[4:19:51.569 PM]: Creating Connection[id: 66cbc5ac-27ab-4fae-a71d-8e1846ef7e45] with host: MVNNXMB-IX26326.snowflakecomputing.com, account: MVNNXMB-IX26326, accessUrl: https://MVNNXMB-IX26326.snowflakecomputing.com, user: KANAKPALIWAL, role: undefined, database: LOGINDETAILS, schema: PUBLIC, warehouse: COMPUTE_WH, proxy was not configured, password is provided, region: undefined, authenticator: SNOWFLAKE, ocsp mode: FAIL_OPEN, os: win32, os version: 10.0.19045"}
{"level":"INFO","message":"[4:19:51.570 PM]: Connection[id: 66cbc5ac-27ab-4fae-a71d-8e1846ef7e45] additional details: passcode in password is provided, passcode is not provided, private key is not provided, application: undefined, client name: snowflake-sdk, client version: 2.4.1, retry timeout: 300, private key path: undefined, private key pass is not provided, client store temporary credential: false, browser response timeout: 120000"}
{"level":"INFO","message":"[4:19:51.571 PM]: Connection[id: 66cbc5ac-27ab-4fae-a71d-8e1846ef7e45] - connection object created successfully."}
{"level":"INFO","message":"[4:19:51.571 PM]: Connection[id: 66cbc5ac-27ab-4fae-a71d-8e1846ef7e45] - async connecting. Associated Snowflake domain: GLOBAL"}
{"level":"INFO","message":"[4:19:51.572 PM]: Trying to initialize Easy Logging"}
{"level":"INFO","message":"[4:19:51.590 PM]: No client config detected."}
{"level":"INFO","message":"[4:19:51.591 PM]: No config file path found. Client config will not be used."}
{"level":"INFO","message":"[4:19:51.591 PM]: Easy Logging is disabled as no config has been found"}
{"level":"INFO","message":"[4:19:51.592 PM]: Connection[id: 66cbc5ac-27ab-4fae-a71d-8e1846ef7e45] - authentication successful using: SNOWFLAKE"}
{"level":"INFO","message":"[4:19:53.374 PM]: Connection[id: 66cbc5ac-27ab-4fae-a71d-8e1846ef7e45] - connection established successfully after 1802.14 milliseconds"}
{"level":"INFO","message":"[4:20:29.812 PM]: Creating new connection object"}
{"level":"INFO","message":"[4:20:29.829 PM]: Creating Connection[id: 2352343c-c6cf-4c73-82b5-ca92fcc79cd3] with host: MVNNXMB-IX26326.snowflakecomputing.com, account: MVNNXMB-IX26326, accessUrl: https://MVNNXMB-IX26326.snowflakecomputing.com, user: KANAKPALIWAL, role: undefined, database: LOGINDETAILS, schema: PUBLIC, warehouse: COMPUTE_WH, proxy was not configured, password is provided, region: undefined, authenticator: SNOWFLAKE, ocsp mode: FAIL_OPEN, os: win32, os version: 10.0.19045"}
{"level":"INFO","message":"[4:20:29.830 PM]: Connection[id: 2352343c-c6cf-4c73-82b5-ca92fcc79cd3] additional details: passcode in password is provided, passcode is not provided, private key is not provided, application: undefined, client name: snowflake-sdk, client version: 2.4.1, retry timeout: 300, private key path: undefined, private key pass is not provided, client store temporary credential: false, browser response timeout: 120000"}
{"level":"INFO","message":"[4:20:29.831 PM]: Connection[id: 2352343c-c6cf-4c73-82b5-ca92fcc79cd3] - connection object created successfully."}
{"level":"INFO","message":"[4:20:29.832 PM]: Connection[id: 2352343c-c6cf-4c73-82b5-ca92fcc79cd3] - async connecting. Associated Snowflake domain: GLOBAL"}
{"level":"INFO","message":"[4:20:29.833 PM]: Trying to initialize Easy Logging"}
{"level":"INFO","message":"[4:20:29.851 PM]: No client config detected."}
{"level":"INFO","message":"[4:20:29.851 PM]: No config file path found. Client config will not be used."}
{"level":"INFO","message":"[4:20:29.852 PM]: Easy Logging is disabled as no config has been found"}
{"level":"INFO","message":"[4:20:29.853 PM]: Connection[id: 2352343c-c6cf-4c73-82b5-ca92fcc79cd3] - authentication successful using: SNOWFLAKE"}
{"level":"INFO","message":"[4:20:32.319 PM]: Connection[id: 2352343c-c6cf-4c73-82b5-ca92fcc79cd3] - connection established successfully after 2486.8 milliseconds"}
{"level":"INFO","message":"[4:20:38.579 PM]: Creating new connection object"}
{"level":"INFO","message":"[4:20:38.597 PM]: Creating Connection[id: 396ba049-c9d0-46c0-bf32-a92da040530c] with host: MVNNXMB-IX26326.snowflakecomputing.com, account: MVNNXMB-IX26326, accessUrl: https://MVNNXMB-IX26326.snowflakecomputing.com, user: KANAKPALIWAL, role: undefined, database: LOGINDETAILS, schema: PUBLIC, warehouse: COMPUTE_WH, proxy was not configured, password is provided, region: undefined, authenticator: SNOWFLAKE, ocsp mode: FAIL_OPEN, os: win32, os version: 10.0.19045"}
{"level":"INFO","message":"[4:20:38.597 PM]: Connection[id: 396ba049-c9d0-46c0-bf32-a92da040530c] additional details: passcode in password is provided, passcode is not provided, private key is not provided, application: undefined, client name: snowflake-sdk, client version: 2.4.1, retry timeout: 300, private key path: undefined, private key pass is not provided, client store temporary credential: false, browser response timeout: 120000"}
{"level":"INFO","message":"[4:20:38.598 PM]: Connection[id: 396ba049-c9d0-46c0-bf32-a92da040530c] - connection object created successfully."}
{"level":"INFO","message":"[4:20:38.599 PM]: Connection[id: 396ba049-c9d0-46c0-bf32-a92da040530c] - async connecting. Associated Snowflake domain: GLOBAL"}
{"level":"INFO","message":"[4:20:38.600 PM]: Trying to initialize Easy Logging"}
{"level":"INFO","message":"[4:20:38.621 PM]: No client config detected."}
{"level":"INFO","message":"[4:20:38.622 PM]: No config file path found. Client config will not be used."}
{"level":"INFO","message":"[4:20:38.622 PM]: Easy Logging is disabled as no config has been found"}
{"level":"INFO","message":"[4:20:38.622 PM]: Connection[id: 396ba049-c9d0-46c0-bf32-a92da040530c] - authentication successful using: SNOWFLAKE"}
{"level":"INFO","message":"[4:20:41.344 PM]: Creating new connection object"}
{"level":"INFO","message":"[4:20:41.359 PM]: Creating Connection[id: 0f1fb7d1-922c-49c0-a120-6f03716b192e] with host: MVNNXMB-IX26326.snowflakecomputing.com, account: MVNNXMB-IX26326, accessUrl: https://MVNNXMB-IX26326.snowflakecomputing.com, user: KANAKPALIWAL, role: undefined, database: LOGINDETAILS, schema: PUBLIC, warehouse: COMPUTE_WH, proxy was not configured, password is provided, region: undefined, authenticator: SNOWFLAKE, ocsp mode: FAIL_OPEN, os: win32, os version: 10.0.19045"}
{"level":"INFO","message":"[4:20:41.360 PM]: Connection[id: 0f1fb7d1-922c-49c0-a120-6f03716b192e] additional details: passcode in password is provided, passcode is not provided, private key is not provided, application: undefined, client name: snowflake-sdk, client version: 2.4.1, retry timeout: 300, private key path: undefined, private key pass is not provided, client store temporary credential: false, browser response timeout: 120000"}
{"level":"INFO","message":"[4:20:41.360 PM]: Connection[id: 0f1fb7d1-922c-49c0-a120-6f03716b192e] - connection object created successfully."}
{"level":"INFO","message":"[4:20:41.361 PM]: Connection[id: 0f1fb7d1-922c-49c0-a120-6f03716b192e] - async connecting. Associated Snowflake domain: GLOBAL"}
{"level":"INFO","message":"[4:20:41.362 PM]: Trying to initialize Easy Logging"}
{"level":"INFO","message":"[4:20:41.380 PM]: No client config detected."}
{"level":"INFO","message":"[4:20:41.380 PM]: No config file path found. Client config will not be used."}
{"level":"INFO","message":"[4:20:41.381 PM]: Easy Logging is disabled as no config has been found"}
{"level":"INFO","message":"[4:20:41.381 PM]: Connection[id: 0f1fb7d1-922c-49c0-a120-6f03716b192e] - authentication successful using: SNOWFLAKE"}
{"level":"INFO","message":"[4:20:44.264 PM]: Connection[id: 0f1fb7d1-922c-49c0-a120-6f03716b192e] - connection established successfully after 2902.41 milliseconds"}
{"level":"INFO","message":"[4:21:00.114 PM]: Creating new connection object"}
{"level":"INFO","message":"[4:21:00.138 PM]: Creating Connection[id: d6193b2d-ed15-48e3-9e81-911bbab84e4b] with host: MVNNXMB-IX26326.snowflakecomputing.com, account: MVNNXMB-IX26326, accessUrl: https://MVNNXMB-IX26326.snowflakecomputing.com, user: KANAKPALIWAL, role: undefined, database: LOGINDETAILS, schema: PUBLIC, warehouse: COMPUTE_WH, proxy was not configured, password is provided, region: undefined, authenticator: SNOWFLAKE, ocsp mode: FAIL_OPEN, os: win32, os version: 10.0.19045"}
{"level":"INFO","message":"[4:21:00.139 PM]: Connection[id: d6193b2d-ed15-48e3-9e81-911bbab84e4b] additional details: passcode in password is provided, passcode is not provided, private key is not provided, application: undefined, client name: snowflake-sdk, client version: 2.4.1, retry timeout: 300, private key path: undefined, private key pass is not provided, client store temporary credential: false, browser response timeout: 120000"}
{"level":"INFO","message":"[4:21:00.141 PM]: Connection[id: d6193b2d-ed15-48e3-9e81-911bbab84e4b] - connection object created successfully."}
{"level":"INFO","message":"[4:21:00.143 PM]: Connection[id: d6193b2d-ed15-48e3-9e81-911bbab84e4b] - async connecting. Associated Snowflake domain: GLOBAL"}
{"level":"INFO","message":"[4:21:00.144 PM]: Trying to initialize Easy Logging"}
{"level":"INFO","message":"[4:21:00.174 PM]: No client config detected."}
{"level":"INFO","message":"[4:21:00.175 PM]: No config file path found. Client config will not be used."}
{"level":"INFO","message":"[4:21:00.175 PM]: Easy Logging is disabled as no config has been found"}
{"level":"INFO","message":"[4:21:00.176 PM]: Connection[id: d6193b2d-ed15-48e3-9e81-911bbab84e4b] - authentication successful using: SNOWFLAKE"}
{"level":"INFO","message":"[4:21:01.771 PM]: Connection[id: d6193b2d-ed15-48e3-9e81-911bbab84e4b] - connection established successfully after 1627.87 milliseconds"}
{"level":"INFO","message":"[4:36:44.936 PM]: Creating new connection object"}
{"level":"INFO","message":"[4:36:44.955 PM]: Creating Connection[id: dc0c5aeb-83d5-40ad-8fa6-495adc25de20] with host: MVNNXMB-IX26326.snowflakecomputing.com, account: MVNNXMB-IX26326, accessUrl: https://MVNNXMB-IX26326.snowflakecomputing.com, user: KANAKPALIWAL, role: undefined, database: LOGINDETAILS, schema: PUBLIC, warehouse: COMPUTE_WH, proxy was not configured, password is provided, region: undefined, authenticator: SNOWFLAKE, ocsp mode: FAIL_OPEN, os: win32, os version: 10.0.19045"}
{"level":"INFO","message":"[4:36:44.955 PM]: Connection[id: dc0c5aeb-83d5-40ad-8fa6-495adc25de20] additional details: passcode in password is provided, passcode is not provided, private key is not provided, application: undefined, client name: snowflake-sdk, client version: 2.4.1, retry timeout: 300, private key path: undefined, private key pass is not provided, client store temporary credential: false, browser response timeout: 120000"}
{"level":"INFO","message":"[4:36:44.956 PM]: Connection[id: dc0c5aeb-83d5-40ad-8fa6-495adc25de20] - connection object created successfully."}
{"level":"INFO","message":"[4:36:44.957 PM]: Connection[id: dc0c5aeb-83d5-40ad-8fa6-495adc25de20] - async connecting. Associated Snowflake domain: GLOBAL"}
{"level":"INFO","message":"[4:36:44.957 PM]: Trying to initialize Easy Logging"}
{"level":"INFO","message":"[4:36:44.975 PM]: No client config detected."}
{"level":"INFO","message":"[4:36:44.975 PM]: No config file path found. Client config will not be used."}
{"level":"INFO","message":"[4:36:44.976 PM]: Easy Logging is disabled as no config has been found"}
{"level":"INFO","message":"[4:36:44.976 PM]: Connection[id: dc0c5aeb-83d5-40ad-8fa6-495adc25de20] - authentication successful using: SNOWFLAKE"}
{"level":"INFO","message":"[4:36:47.599 PM]: Connection[id: dc0c5aeb-83d5-40ad-8fa6-495adc25de20] - connection established successfully after 2642.2 milliseconds"}
{"level":"INFO","message":"[4:42:17.727 PM]: Creating new connection object"}
{"level":"INFO","message":"[4:42:17.749 PM]: Creating Connection[id: b8aff816-7700-4734-bec8-1e7fbbff174d] with host: MVNNXMB-IX26326.snowflakecomputing.com, account: MVNNXMB-IX26326, accessUrl: https://MVNNXMB-IX26326.snowflakecomputing.com, user: KANAKPALIWAL, role: undefined, database: LOGINDETAILS, schema: PUBLIC, warehouse: COMPUTE_WH, proxy was not configured, password is provided, region: undefined, authenticator: SNOWFLAKE, ocsp mode: FAIL_OPEN, os: win32, os version: 10.0.19045"}
{"level":"INFO","message":"[4:42:17.750 PM]: Connection[id: b8aff816-7700-4734-bec8-1e7fbbff174d] additional details: passcode in password is provided, passcode is not provided, private key is not provided, application: undefined, client name: snowflake-sdk, client version: 2.4.1, retry timeout: 300, private key path: undefined, private key pass is not provided, client store temporary credential: false, browser response timeout: 120000"}
{"level":"INFO","message":"[4:42:17.751 PM]: Connection[id: b8aff816-7700-4734-bec8-1e7fbbff174d] - connection object created successfully."}
{"level":"INFO","message":"[4:42:17.752 PM]: Connection[id: b8aff816-7700-4734-bec8-1e7fbbff174d] - async connecting. Associated Snowflake domain: GLOBAL"}
{"level":"INFO","message":"[4:42:17.753 PM]: Trying to initialize Easy Logging"}
{"level":"INFO","message":"[4:42:17.775 PM]: No client config detected."}
{"level":"INFO","message":"[4:42:17.775 PM]: No config file path found. Client config will not be used."}
{"level":"INFO","message":"[4:42:17.776 PM]: Easy Logging is disabled as no config has been found"}
{"level":"INFO","message":"[4:42:17.776 PM]: Connection[id: b8aff816-7700-4734-bec8-1e7fbbff174d] - authentication successful using: SNOWFLAKE"}
{"level":"INFO","message":"[4:42:20.609 PM]: Connection[id: b8aff816-7700-4734-bec8-1e7fbbff174d] - connection established successfully after 2857.4 milliseconds"}
{"level":"INFO","message":"[4:43:10.578 PM]: Creating new connection object"}
{"level":"INFO","message":"[4:43:10.594 PM]: Creating Connection[id: 944970ce-5f49-483b-b134-4298a450c05a] with host: MVNNXMB-IX26326.snowflakecomputing.com, account: MVNNXMB-IX26326, accessUrl: https://MVNNXMB-IX26326.snowflakecomputing.com, user: KANAKPALIWAL, role: undefined, database: LOGINDETAILS, schema: PUBLIC, warehouse: COMPUTE_WH, proxy was not configured, password is provided, region: undefined, authenticator: SNOWFLAKE, ocsp mode: FAIL_OPEN, os: win32, os version: 10.0.19045"}
{"level":"INFO","message":"[4:43:10.595 PM]: Connection[id: 944970ce-5f49-483b-b134-4298a450c05a] additional details: passcode in password is provided, passcode is not provided, private key is not provided, application: undefined, client name: snowflake-sdk, client version: 2.4.1, retry timeout: 300, private key path: undefined, private key pass is not provided, client store temporary credential: false, browser response timeout: 120000"}
{"level":"INFO","message":"[4:43:10.595 PM]: Connection[id: 944970ce-5f49-483b-b134-4298a450c05a] - connection object created successfully."}
{"level":"INFO","message":"[4:43:10.596 PM]: Connection[id: 944970ce-5f49-483b-b134-4298a450c05a] - async connecting. Associated Snowflake domain: GLOBAL"}
{"level":"INFO","message":"[4:43:10.597 PM]: Trying to initialize Easy Logging"}
{"level":"INFO","message":"[4:43:10.615 PM]: No client config detected."}
{"level":"INFO","message":"[4:43:10.615 PM]: No config file path found. Client config will not be used."}
{"level":"INFO","message":"[4:43:10.616 PM]: Easy Logging is disabled as no config has been found"}
{"level":"INFO","message":"[4:43:10.617 PM]: Connection[id: 944970ce-5f49-483b-b134-4298a450c05a] - authentication successful using: SNOWFLAKE"}
{"level":"INFO","message":"[4:43:13.258 PM]: Connection[id: 944970ce-5f49-483b-b134-4298a450c05a] - connection established successfully after 2661.61 milliseconds"}
{"level":"INFO","message":"[4:45:10.741 PM]: Creating new connection object"}
{"level":"INFO","message":"[4:45:10.760 PM]: Creating Connection[id: e5c4ed81-cfa2-468d-b593-127b04ea1e19] with host: MVNNXMB-IX26326.snowflakecomputing.com, account: MVNNXMB-IX26326, accessUrl: https://MVNNXMB-IX26326.snowflakecomputing.com, user: KANAKPALIWAL, role: undefined, database: LOGINDETAILS, schema: PUBLIC, warehouse: COMPUTE_WH, proxy was not configured, password is provided, region: undefined, authenticator: SNOWFLAKE, ocsp mode: FAIL_OPEN, os: win32, os version: 10.0.19045"}
{"level":"INFO","message":"[4:45:10.760 PM]: Connection[id: e5c4ed81-cfa2-468d-b593-127b04ea1e19] additional details: passcode in password is provided, passcode is not provided, private key is not provided, application: undefined, client name: snowflake-sdk, client version: 2.4.1, retry timeout: 300, private key path: undefined, private key pass is not provided, client store temporary credential: false, browser response timeout: 120000"}
{"level":"INFO","message":"[4:45:10.761 PM]: Connection[id: e5c4ed81-cfa2-468d-b593-127b04ea1e19] - connection object created successfully."}
{"level":"INFO","message":"[4:45:10.762 PM]: Connection[id: e5c4ed81-cfa2-468d-b593-127b04ea1e19] - async connecting. Associated Snowflake domain: GLOBAL"}
{"level":"INFO","message":"[4:45:10.763 PM]: Trying to initialize Easy Logging"}
{"level":"INFO","message":"[4:45:10.786 PM]: No client config detected."}
{"level":"INFO","message":"[4:45:10.787 PM]: No config file path found. Client config will not be used."}
{"level":"INFO","message":"[4:45:10.787 PM]: Easy Logging is disabled as no config has been found"}
{"level":"INFO","message":"[4:45:10.788 PM]: Connection[id: e5c4ed81-cfa2-468d-b593-127b04ea1e19] - authentication successful using: SNOWFLAKE"}
{"level":"INFO","message":"[4:45:14.112 PM]: Connection[id: e5c4ed81-cfa2-468d-b593-127b04ea1e19] - connection established successfully after 3349.61 milliseconds"}
{"level":"INFO","message":"[4:46:32.556 PM]: Creating new connection object"}
{"level":"INFO","message":"[4:46:32.573 PM]: Creating Connection[id: f643bbe7-47a9-4436-8e93-019d7475d438] with host: MVNNXMB-IX26326.snowflakecomputing.com, account: MVNNXMB-IX26326, accessUrl: https://MVNNXMB-IX26326.snowflakecomputing.com, user: KANAKPALIWAL, role: undefined, database: LOGINDETAILS, schema: PUBLIC, warehouse: COMPUTE_WH, proxy was not configured, password is provided, region: undefined, authenticator: SNOWFLAKE, ocsp mode: FAIL_OPEN, os: win32, os version: 10.0.19045"}
{"level":"INFO","message":"[4:46:32.573 PM]: Connection[id: f643bbe7-47a9-4436-8e93-019d7475d438] additional details: passcode in password is provided, passcode is not provided, private key is not provided, application: undefined, client name: snowflake-sdk, client version: 2.4.1, retry timeout: 300, private key path: undefined, private key pass is not provided, client store temporary credential: false, browser response timeout: 120000"}
{"level":"INFO","message":"[4:46:32.574 PM]: Connection[id: f643bbe7-47a9-4436-8e93-019d7475d438] - connection object created successfully."}
{"level":"INFO","message":"[4:46:32.575 PM]: Connection[id: f643bbe7-47a9-4436-8e93-019d7475d438] - async connecting. Associated Snowflake domain: GLOBAL"}
{"level":"INFO","message":"[4:46:32.575 PM]: Trying to initialize Easy Logging"}
{"level":"INFO","message":"[4:46:32.594 PM]: No client config detected."}
{"level":"INFO","message":"[4:46:32.595 PM]: No config file path found. Client config will not be used."}
{"level":"INFO","message":"[4:46:32.595 PM]: Easy Logging is disabled as no config has been found"}
{"level":"INFO","message":"[4:46:32.596 PM]: Connection[id: f643bbe7-47a9-4436-8e93-019d7475d438] - authentication successful using: SNOWFLAKE"}
{"level":"INFO","message":"[4:46:35.075 PM]: Connection[id: f643bbe7-47a9-4436-8e93-019d7475d438] - connection established successfully after 2499.67 milliseconds"}
{"level":"INFO","message":"[4:47:05.840 PM]: Creating new connection object"}
{"level":"INFO","message":"[4:47:05.863 PM]: Creating Connection[id: ca40805a-af26-41f5-a964-e41d69d18b18] with host: MVNNXMB-IX26326.snowflakecomputing.com, account: MVNNXMB-IX26326, accessUrl: https://MVNNXMB-IX26326.snowflakecomputing.com, user: KANAKPALIWAL, role: undefined, database: LOGINDETAILS, schema: PUBLIC, warehouse: COMPUTE_WH, proxy was not configured, password is provided, region: undefined, authenticator: SNOWFLAKE, ocsp mode: FAIL_OPEN, os: win32, os version: 10.0.19045"}
{"level":"INFO","message":"[4:47:05.864 PM]: Connection[id: ca40805a-af26-41f5-a964-e41d69d18b18] additional details: passcode in password is provided, passcode is not provided, private key is not provided, application: undefined, client name: snowflake-sdk, client version: 2.4.1, retry timeout: 300, private key path: undefined, private key pass is not provided, client store temporary credential: false, browser response timeout: 120000"}
{"level":"INFO","message":"[4:47:05.865 PM]: Connection[id: ca40805a-af26-41f5-a964-e41d69d18b18] - connection object created successfully."}
{"level":"INFO","message":"[4:47:05.867 PM]: Connection[id: ca40805a-af26-41f5-a964-e41d69d18b18] - async connecting. Associated Snowflake domain: GLOBAL"}
{"level":"INFO","message":"[4:47:05.868 PM]: Trying to initialize Easy Logging"}
{"level":"INFO","message":"[4:47:05.892 PM]: No client config detected."}
{"level":"INFO","message":"[4:47:05.892 PM]: No config file path found. Client config will not be used."}
{"level":"INFO","message":"[4:47:05.893 PM]: Easy Logging is disabled as no config has been found"}
{"level":"INFO","message":"[4:47:05.893 PM]: Connection[id: ca40805a-af26-41f5-a964-e41d69d18b18] - authentication successful using: SNOWFLAKE"}
{"level":"INFO","message":"[4:47:08.269 PM]: Connection[id: ca40805a-af26-41f5-a964-e41d69d18b18] - connection established successfully after 2402.64 milliseconds"}
{"level":"INFO","message":"[5:15:30.664 PM]: Creating new connection object"}
{"level":"INFO","message":"[5:15:30.710 PM]: Creating Connection[id: dce9db6e-3bc2-43d0-abcd-7c2f5b7b8ce1] with host: MVNNXMB-IX26326.snowflakecomputing.com, account: MVNNXMB-IX26326, accessUrl: https://MVNNXMB-IX26326.snowflakecomputing.com, user: KANAKPALIWAL, role: undefined, database: LOGINDETAILS, schema: PUBLIC, warehouse: COMPUTE_WH, proxy was not configured, password is provided, region: undefined, authenticator: SNOWFLAKE, ocsp mode: FAIL_OPEN, os: win32, os version: 10.0.19045"}
{"level":"INFO","message":"[5:15:30.711 PM]: Connection[id: dce9db6e-3bc2-43d0-abcd-7c2f5b7b8ce1] additional details: passcode in password is provided, passcode is not provided, private key is not provided, application: undefined, client name: snowflake-sdk, client version: 2.4.1, retry timeout: 300, private key path: undefined, private key pass is not provided, client store temporary credential: false, browser response timeout: 120000"}
{"level":"INFO","message":"[5:15:30.713 PM]: Connection[id: dce9db6e-3bc2-43d0-abcd-7c2f5b7b8ce1] - connection object created successfully."}
{"level":"INFO","message":"[5:15:30.715 PM]: Connection[id: dce9db6e-3bc2-43d0-abcd-7c2f5b7b8ce1] - async connecting. Associated Snowflake domain: GLOBAL"}
{"level":"INFO","message":"[5:15:30.716 PM]: Trying to initialize Easy Logging"}
{"level":"INFO","message":"[5:15:30.768 PM]: No client config detected."}
{"level":"INFO","message":"[5:15:30.770 PM]: No config file path found. Client config will not be used."}
{"level":"INFO","message":"[5:15:30.771 PM]: Easy Logging is disabled as no config has been found"}
{"level":"INFO","message":"[5:15:30.772 PM]: Connection[id: dce9db6e-3bc2-43d0-abcd-7c2f5b7b8ce1] - authentication successful using: SNOWFLAKE"}
{"level":"INFO","message":"[5:15:34.687 PM]: Connection[id: dce9db6e-3bc2-43d0-abcd-7c2f5b7b8ce1] - connection established successfully after 3971.86 milliseconds"}
{"level":"INFO","message":"[5:27:47.611 PM]: Creating new connection object"}
{"level":"INFO","message":"[5:27:47.627 PM]: Creating Connection[id: 05068731-1649-49b1-8e49-9942f7ae43cf] with host: MVNNXMB-IX26326.snowflakecomputing.com, account: MVNNXMB-IX26326, accessUrl: https://MVNNXMB-IX26326.snowflakecomputing.com, user: KANAKPALIWAL, role: undefined, database: LOGINDETAILS, schema: PUBLIC, warehouse: COMPUTE_WH, proxy was not configured, password is provided, region: undefined, authenticator: SNOWFLAKE, ocsp mode: FAIL_OPEN, os: win32, os version: 10.0.19045"}
{"level":"INFO","message":"[5:27:47.628 PM]: Connection[id: 05068731-1649-49b1-8e49-9942f7ae43cf] additional details: passcode in password is provided, passcode is not provided, private key is not provided, application: undefined, client name: snowflake-sdk, client version: 2.4.1, retry timeout: 300, private key path: undefined, private key pass is not provided, client store temporary credential: false, browser response timeout: 120000"}
{"level":"INFO","message":"[5:27:47.629 PM]: Connection[id: 05068731-1649-49b1-8e49-9942f7ae43cf] - connection object created successfully."}
{"level":"INFO","message":"[5:27:47.631 PM]: Connection[id: 05068731-1649-49b1-8e49-9942f7ae43cf] - async connecting. Associated Snowflake domain: GLOBAL"}
{"level":"INFO","message":"[5:27:47.634 PM]: Trying to initialize Easy Logging"}
{"level":"INFO","message":"[5:27:47.681 PM]: No client config detected."}
{"level":"INFO","message":"[5:27:47.683 PM]: No config file path found. Client config will not be used."}
{"level":"INFO","message":"[5:27:47.684 PM]: Easy Logging is disabled as no config has been found"}
{"level":"INFO","message":"[5:27:47.686 PM]: Connection[id: 05068731-1649-49b1-8e49-9942f7ae43cf] - authentication successful using: SNOWFLAKE"}
{"level":"INFO","message":"[5:27:50.457 PM]: Connection[id: 05068731-1649-49b1-8e49-9942f7ae43cf] - connection established successfully after 2825.2 milliseconds"}
{"level":"INFO","message":"[5:28:57.568 PM]: Creating new connection object"}
{"level":"INFO","message":"[5:28:57.598 PM]: Creating Connection[id: 48d13641-869c-49dc-976b-772e9940a698] with host: MVNNXMB-IX26326.snowflakecomputing.com, account: MVNNXMB-IX26326, accessUrl: https://MVNNXMB-IX26326.snowflakecomputing.com, user: KANAKPALIWAL, role: undefined, database: LOGINDETAILS, schema: PUBLIC, warehouse: COMPUTE_WH, proxy was not configured, password is provided, region: undefined, authenticator: SNOWFLAKE, ocsp mode: FAIL_OPEN, os: win32, os version: 10.0.19045"}
{"level":"INFO","message":"[5:28:57.599 PM]: Connection[id: 48d13641-869c-49dc-976b-772e9940a698] additional details: passcode in password is provided, passcode is not provided, private key is not provided, application: undefined, client name: snowflake-sdk, client version: 2.4.1, retry timeout: 300, private key path: undefined, private key pass is not provided, client store temporary credential: false, browser response timeout: 120000"}
{"level":"INFO","message":"[5:28:57.601 PM]: Connection[id: 48d13641-869c-49dc-976b-772e9940a698] - connection object created successfully."}
{"level":"INFO","message":"[5:28:57.602 PM]: Connection[id: 48d13641-869c-49dc-976b-772e9940a698] - async connecting. Associated Snowflake domain: GLOBAL"}
{"level":"INFO","message":"[5:28:57.604 PM]: Trying to initialize Easy Logging"}
{"level":"INFO","message":"[5:28:57.690 PM]: No client config detected."}
{"level":"INFO","message":"[5:28:57.691 PM]: No config file path found. Client config will not be used."}
{"level":"INFO","message":"[5:28:57.693 PM]: Easy Logging is disabled as no config has been found"}
{"level":"INFO","message":"[5:28:57.694 PM]: Connection[id: 48d13641-869c-49dc-976b-772e9940a698] - authentication successful using: SNOWFLAKE"}
{"level":"INFO","message":"[5:29:00.474 PM]: Connection[id: 48d13641-869c-49dc-976b-772e9940a698] - connection established successfully after 2871.82 milliseconds"}
{"level":"INFO","message":"[5:32:10.160 PM]: Creating new connection object"}
{"level":"INFO","message":"[5:32:10.176 PM]: Creating Connection[id: d31a77bb-cff0-48b3-ae02-f1f590b700fe] with host: MVNNXMB-IX26326.snowflakecomputing.com, account: MVNNXMB-IX26326, accessUrl: https://MVNNXMB-IX26326.snowflakecomputing.com, user: KANAKPALIWAL, role: undefined, database: LOGINDETAILS, schema: PUBLIC, warehouse: COMPUTE_WH, proxy was not configured, password is provided, region: undefined, authenticator: SNOWFLAKE, ocsp mode: FAIL_OPEN, os: win32, os version: 10.0.19045"}
{"level":"INFO","message":"[5:32:10.176 PM]: Connection[id: d31a77bb-cff0-48b3-ae02-f1f590b700fe] additional details: passcode in password is provided, passcode is not provided, private key is not provided, application: undefined, client name: snowflake-sdk, client version: 2.4.1, retry timeout: 300, private key path: undefined, private key pass is not provided, client store temporary credential: false, browser response timeout: 120000"}
{"level":"INFO","message":"[5:32:10.177 PM]: Connection[id: d31a77bb-cff0-48b3-ae02-f1f590b700fe] - connection object created successfully."}
{"level":"INFO","message":"[5:32:10.178 PM]: Connection[id: d31a77bb-cff0-48b3-ae02-f1f590b700fe] - async connecting. Associated Snowflake domain: GLOBAL"}
{"level":"INFO","message":"[5:32:10.178 PM]: Trying to initialize Easy Logging"}
{"level":"INFO","message":"[5:32:10.200 PM]: No client config detected."}
{"level":"INFO","message":"[5:32:10.201 PM]: No config file path found. Client config will not be used."}
{"level":"INFO","message":"[5:32:10.201 PM]: Easy Logging is disabled as no config has been found"}
{"level":"INFO","message":"[5:32:10.202 PM]: Connection[id: d31a77bb-cff0-48b3-ae02-f1f590b700fe] - authentication successful using: SNOWFLAKE"}
{"level":"INFO","message":"[5:32:13.491 PM]: Connection[id: d31a77bb-cff0-48b3-ae02-f1f590b700fe] - connection established successfully after 3312.8 milliseconds"}
{"level":"INFO","message":"[5:39:51.978 PM]: Creating new connection object"}
{"level":"INFO","message":"[5:39:52.002 PM]: Creating Connection[id: 20afbc3d-d6ea-43e8-89f4-3a2130e524a0] with host: MVNNXMB-IX26326.snowflakecomputing.com, account: MVNNXMB-IX26326, accessUrl: https://MVNNXMB-IX26326.snowflakecomputing.com, user: KANAKPALIWAL, role: undefined, database: LOGINDETAILS, schema: PUBLIC, warehouse: COMPUTE_WH, proxy was not configured, password is provided, region: undefined, authenticator: SNOWFLAKE, ocsp mode: FAIL_OPEN, os: win32, os version: 10.0.19045"}
{"level":"INFO","message":"[5:39:52.003 PM]: Connection[id: 20afbc3d-d6ea-43e8-89f4-3a2130e524a0] additional details: passcode in password is provided, passcode is not provided, private key is not provided, application: undefined, client name: snowflake-sdk, client version: 2.4.1, retry timeout: 300, private key path: undefined, private key pass is not provided, client store temporary credential: false, browser response timeout: 120000"}
{"level":"INFO","message":"[5:39:52.004 PM]: Connection[id: 20afbc3d-d6ea-43e8-89f4-3a2130e524a0] - connection object created successfully."}
{"level":"INFO","message":"[5:39:52.005 PM]: Connection[id: 20afbc3d-d6ea-43e8-89f4-3a2130e524a0] - async connecting. Associated Snowflake domain: GLOBAL"}
{"level":"INFO","message":"[5:39:52.005 PM]: Trying to initialize Easy Logging"}
{"level":"INFO","message":"[5:39:52.027 PM]: No client config detected."}
{"level":"INFO","message":"[5:39:52.027 PM]: No config file path found. Client config will not be used."}
{"level":"INFO","message":"[5:39:52.027 PM]: Easy Logging is disabled as no config has been found"}
{"level":"INFO","message":"[5:39:52.028 PM]: Connection[id: 20afbc3d-d6ea-43e8-89f4-3a2130e524a0] - authentication successful using: SNOWFLAKE"}
{"level":"INFO","message":"[5:39:56.200 PM]: Connection[id: 20afbc3d-d6ea-43e8-89f4-3a2130e524a0] - connection established successfully after 4195.53 milliseconds"}
{"level":"INFO","message":"[6:45:35.390 PM]: Creating new connection object"}
{"level":"INFO","message":"[6:45:35.413 PM]: Creating Connection[id: aa6fa1cd-e0bc-4b30-b784-185db041011e] with host: MVNNXMB-IX26326.snowflakecomputing.com, account: MVNNXMB-IX26326, accessUrl: https://MVNNXMB-IX26326.snowflakecomputing.com, user: KANAKPALIWAL, role: undefined, database: LOGINDETAILS, schema: PUBLIC, warehouse: COMPUTE_WH, proxy was not configured, password is provided, region: undefined, authenticator: SNOWFLAKE, ocsp mode: FAIL_OPEN, os: win32, os version: 10.0.19045"}
{"level":"INFO","message":"[6:45:35.414 PM]: Connection[id: aa6fa1cd-e0bc-4b30-b784-185db041011e] additional details: passcode in password is provided, passcode is not provided, private key is not provided, application: undefined, client name: snowflake-sdk, client version: 2.4.1, retry timeout: 300, private key path: undefined, private key pass is not provided, client store temporary credential: false, browser response timeout: 120000"}
{"level":"INFO","message":"[6:45:35.414 PM]: Connection[id: aa6fa1cd-e0bc-4b30-b784-185db041011e] - connection object created successfully."}
{"level":"INFO","message":"[6:45:35.415 PM]: Connection[id: aa6fa1cd-e0bc-4b30-b784-185db041011e] - async connecting. Associated Snowflake domain: GLOBAL"}
{"level":"INFO","message":"[6:45:35.416 PM]: Trying to initialize Easy Logging"}
{"level":"INFO","message":"[6:45:35.445 PM]: No client config detected."}
{"level":"INFO","message":"[6:45:35.446 PM]: No config file path found. Client config will not be used."}
{"level":"INFO","message":"[6:45:35.446 PM]: Easy Logging is disabled as no config has been found"}
{"level":"INFO","message":"[6:45:35.447 PM]: Connection[id: aa6fa1cd-e0bc-4b30-b784-185db041011e] - authentication successful using: SNOWFLAKE"}
{"level":"INFO","message":"[7:43:29.018 AM]: Creating new connection object"}
{"level":"INFO","message":"[7:43:29.061 AM]: Creating Connection[id: 8f6a43f3-0771-4a20-99b8-9ef9bb751875] with host: MVNNXMB-IX26326.snowflakecomputing.com, account: MVNNXMB-IX26326, accessUrl: https://MVNNXMB-IX26326.snowflakecomputing.com, user: KANAKPALIWAL, role: undefined, database: LOGINDETAILS, schema: PUBLIC, warehouse: COMPUTE_WH, proxy was not configured, password is provided, region: undefined, authenticator: SNOWFLAKE, ocsp mode: FAIL_OPEN, os: win32, os version: 10.0.19045"}
{"level":"INFO","message":"[7:43:29.063 AM]: Connection[id: 8f6a43f3-0771-4a20-99b8-9ef9bb751875] additional details: passcode in password is provided, passcode is not provided, private key is not provided, application: undefined, client name: snowflake-sdk, client version: 2.4.1, retry timeout: 300, private key path: undefined, private key pass is not provided, client store temporary credential: false, browser response timeout: 120000"}
{"level":"INFO","message":"[7:43:29.064 AM]: Connection[id: 8f6a43f3-0771-4a20-99b8-9ef9bb751875] - connection object created successfully."}
{"level":"INFO","message":"[7:43:29.066 AM]: Connection[id: 8f6a43f3-0771-4a20-99b8-9ef9bb751875] - async connecting. Associated Snowflake domain: GLOBAL"}
{"level":"INFO","message":"[7:43:29.068 AM]: Trying to initialize Easy Logging"}
{"level":"INFO","message":"[7:43:29.132 AM]: No client config detected."}
{"level":"INFO","message":"[7:43:29.134 AM]: No config file path found. Client config will not be used."}
{"level":"INFO","message":"[7:43:29.134 AM]: Easy Logging is disabled as no config has been found"}
{"level":"INFO","message":"[7:43:29.136 AM]: Connection[id: 8f6a43f3-0771-4a20-99b8-9ef9bb751875] - authentication successful using: SNOWFLAKE"}
{"level":"INFO","message":"[7:43:31.838 AM]: Connection[id: 8f6a43f3-0771-4a20-99b8-9ef9bb751875] - connection established successfully after 2771.98 milliseconds"}
{"level":"INFO","message":"[11:03:28.281 AM]: Creating new connection object"}
{"level":"INFO","message":"[11:03:28.318 AM]: Creating Connection[id: 3544bc4e-ebcb-4921-9fca-c5c871fd7009] with host: MVNNXMB-IX26326.snowflakecomputing.com, account: MVNNXMB-IX26326, accessUrl: https://MVNNXMB-IX26326.snowflakecomputing.com, user: KANAKPALIWAL, role: undefined, database: LOGINDETAILS, schema: PUBLIC, warehouse: COMPUTE_WH, proxy was not configured, password is provided, region: undefined, authenticator: SNOWFLAKE, ocsp mode: FAIL_OPEN, os: win32, os version: 10.0.19045"}
{"level":"INFO","message":"[11:03:28.320 AM]: Connection[id: 3544bc4e-ebcb-4921-9fca-c5c871fd7009] additional details: passcode in password is provided, passcode is not provided, private key is not provided, application: undefined, client name: snowflake-sdk, client version: 2.4.1, retry timeout: 300, private key path: undefined, private key pass is not provided, client store temporary credential: false, browser response timeout: 120000"}
{"level":"INFO","message":"[11:03:28.321 AM]: Connection[id: 3544bc4e-ebcb-4921-9fca-c5c871fd7009] - connection object created successfully."}
{"level":"INFO","message":"[11:03:28.323 AM]: Connection[id: 3544bc4e-ebcb-4921-9fca-c5c871fd7009] - async connecting. Associated Snowflake domain: GLOBAL"}
{"level":"INFO","message":"[11:03:28.324 AM]: Trying to initialize Easy Logging"}
{"level":"INFO","message":"[11:03:28.361 AM]: No client config detected."}
{"level":"INFO","message":"[11:03:28.361 AM]: No config file path found. Client config will not be used."}
{"level":"INFO","message":"[11:03:28.361 AM]: Easy Logging is disabled as no config has been found"}
{"level":"INFO","message":"[11:03:28.362 AM]: Connection[id: 3544bc4e-ebcb-4921-9fca-c5c871fd7009] - authentication successful using: SNOWFLAKE"}
{"level":"INFO","message":"[11:03:32.200 AM]: Connection[id: 3544bc4e-ebcb-4921-9fca-c5c871fd7009] - connection established successfully after 3877.07 milliseconds"}
